17:50:00.802 [JavaFX Application Thread] TRACE com.svalero.gestordescargas.App - Aplicaciï¿½n iniciada Correctamente
17:50:15.877 [JavaFX Application Thread] TRACE com.svalero.gestordescargas.controlador.AppControlador - Ruta de descarga seleccionada
17:50:24.351 [JavaFX Application Thread] TRACE com.svalero.gestordescargas.hilo.DescargaTask - Descarga creada
17:50:24.357 [Thread-4] TRACE com.svalero.gestordescargas.hilo.DescargaTask - Se ha iniciado la descarga de https://cdn.kernel.org/pub/linux/kernel/v5.x/linux-5.9.14.tar.xz
17:50:25.949 [JavaFX Application Thread] TRACE com.svalero.gestordescargas.controlador.DescargaControlador - Se ha parado una descarga individual
17:50:25.951 [Thread-4] TRACE com.svalero.gestordescargas.hilo.DescargaTask - Descargahttps://cdn.kernel.org/pub/linux/kernel/v5.x/linux-5.9.14.tar.xz cancelada/parada
18:18:45.273 [JavaFX Application Thread] TRACE com.svalero.gestordescargas.controlador.SplashScreenControlador - Se inicia la aplicaciï¿½n desde el Splash Screen
18:19:07.034 [JavaFX Application Thread] TRACE com.svalero.gestordescargas.controlador.AppControlador - Ruta de descarga seleccionada
18:19:14.325 [JavaFX Application Thread] TRACE com.svalero.gestordescargas.hilo.DescargaTask - Descarga creada
18:19:14.330 [Thread-4] TRACE com.svalero.gestordescargas.hilo.DescargaTask - Se ha iniciado la descarga de https://cdn.kernel.org/pub/linux/kernel/v5.x/linux-5.9.14.tar.xz
18:19:15.410 [JavaFX Application Thread] TRACE com.svalero.gestordescargas.controlador.DescargaControlador - Se ha parado una descarga individual
18:19:15.689 [Thread-4] TRACE com.svalero.gestordescargas.hilo.DescargaTask - Descargahttps://cdn.kernel.org/pub/linux/kernel/v5.x/linux-5.9.14.tar.xz cancelada/parada
18:19:23.219 [JavaFX Application Thread] TRACE com.svalero.gestordescargas.controlador.DescargaControlador - Se ha eliminado una descarga individual
18:19:26.426 [JavaFX Application Thread] TRACE com.svalero.gestordescargas.controlador.AppControlador - Ruta de descarga seleccionada
18:19:31.731 [JavaFX Application Thread] TRACE com.svalero.gestordescargas.hilo.DescargaTask - Descarga creada
18:19:31.732 [Thread-5] TRACE com.svalero.gestordescargas.hilo.DescargaTask - Se ha iniciado la descarga de https://cdn.kernel.org/pub/linux/kernel/v5.x/linux-5.9.14.tar.xz
18:19:33.190 [JavaFX Application Thread] TRACE com.svalero.gestordescargas.controlador.DescargaControlador - Se ha parado una descarga individual
18:19:33.190 [Thread-5] TRACE com.svalero.gestordescargas.hilo.DescargaTask - Descargahttps://cdn.kernel.org/pub/linux/kernel/v5.x/linux-5.9.14.tar.xz cancelada/parada
18:20:13.922 [JavaFX Application Thread] TRACE com.svalero.gestordescargas.controlador.AppControlador - Ruta de descarga seleccionada
18:20:20.787 [JavaFX Application Thread] TRACE com.svalero.gestordescargas.hilo.DescargaTask - Descarga creada
18:20:20.788 [Thread-6] TRACE com.svalero.gestordescargas.hilo.DescargaTask - Se ha iniciado la descarga de https://cdn.kernel.org/pub/linux/kernel/v5.x/linux-5.9.14.tar.xz
18:20:23.426 [JavaFX Application Thread] TRACE com.svalero.gestordescargas.controlador.DescargaControlador - Se ha cancelado una descarga de forma individual
18:20:23.427 [Thread-6] TRACE com.svalero.gestordescargas.hilo.DescargaTask - Descargahttps://cdn.kernel.org/pub/linux/kernel/v5.x/linux-5.9.14.tar.xz cancelada/parada
18:20:34.674 [JavaFX Application Thread] TRACE com.svalero.gestordescargas.controlador.DescargaControlador - Se ha eliminado una descarga individual
18:20:36.786 [JavaFX Application Thread] TRACE com.svalero.gestordescargas.controlador.DescargaControlador - Se ha eliminado una descarga individual
18:23:03.416 [JavaFX Application Thread] TRACE com.svalero.gestordescargas.controlador.SplashScreenControlador - Se inicia la aplicaciï¿½n desde el Splash Screen
18:23:11.642 [JavaFX Application Thread] TRACE com.svalero.gestordescargas.controlador.AppControlador - Ruta de descarga seleccionada
18:23:17.476 [JavaFX Application Thread] TRACE com.svalero.gestordescargas.hilo.DescargaTask - Descarga creada
18:23:17.481 [Thread-4] TRACE com.svalero.gestordescargas.hilo.DescargaTask - Se ha iniciado la descarga de https://cdn.kernel.org/pub/linux/kernel/v5.x/linux-5.9.14.tar.xz
18:23:19.634 [JavaFX Application Thread] TRACE com.svalero.gestordescargas.controlador.DescargaControlador - Se ha parado una descarga individual
18:23:19.636 [Thread-4] TRACE com.svalero.gestordescargas.hilo.DescargaTask - Descargahttps://cdn.kernel.org/pub/linux/kernel/v5.x/linux-5.9.14.tar.xz cancelada/parada
18:27:00.864 [JavaFX Application Thread] TRACE com.svalero.gestordescargas.controlador.SplashScreenControlador - Se inicia la aplicación desde el Splash Screen
18:27:09.762 [JavaFX Application Thread] TRACE com.svalero.gestordescargas.controlador.AppControlador - Ruta de descarga seleccionada
18:27:15.196 [JavaFX Application Thread] TRACE com.svalero.gestordescargas.hilo.DescargaTask - Descarga creada
18:27:15.203 [Thread-4] TRACE com.svalero.gestordescargas.hilo.DescargaTask - Se ha iniciado la descarga de https://cdn.kernel.org/pub/linux/kernel/v5.x/linux-5.9.14.tar.xz
18:27:18.087 [JavaFX Application Thread] TRACE com.svalero.gestordescargas.controlador.DescargaControlador - Se ha parado una descarga individual
18:27:18.089 [Thread-4] TRACE com.svalero.gestordescargas.hilo.DescargaTask - Descargahttps://cdn.kernel.org/pub/linux/kernel/v5.x/linux-5.9.14.tar.xz cancelada/parada
18:27:53.632 [JavaFX Application Thread] TRACE com.svalero.gestordescargas.controlador.SplashScreenControlador - Se inicia la aplicación desde el Splash Screen
18:28:00.930 [JavaFX Application Thread] TRACE com.svalero.gestordescargas.controlador.AppControlador - Ruta de descarga seleccionada
18:28:08.204 [JavaFX Application Thread] TRACE com.svalero.gestordescargas.hilo.DescargaTask - Descarga creada
18:28:08.209 [Thread-4] TRACE com.svalero.gestordescargas.hilo.DescargaTask - Se ha iniciado la descarga de https://cdn.kernel.org/pub/linux/kernel/v5.x/linux-5.9.14.tar.xz
18:28:11.474 [JavaFX Application Thread] TRACE com.svalero.gestordescargas.controlador.DescargaControlador - Se ha cancelado una descarga de forma individual
18:28:11.476 [Thread-4] TRACE com.svalero.gestordescargas.hilo.DescargaTask - Descargahttps://cdn.kernel.org/pub/linux/kernel/v5.x/linux-5.9.14.tar.xz cancelada/parada
18:28:12.498 [JavaFX Application Thread] TRACE com.svalero.gestordescargas.controlador.AppControlador - Se visualiza el historial de la aplicación
18:28:12.503 [JavaFX Application Thread] ERROR com.svalero.gestordescargas.controlador.AppControlador - No se encuentra el fichero de historial
18:28:50.727 [JavaFX Application Thread] TRACE com.svalero.gestordescargas.controlador.SplashScreenControlador - Se inicia la aplicación desde el Splash Screen
18:28:57.258 [JavaFX Application Thread] TRACE com.svalero.gestordescargas.controlador.AppControlador - Se visualiza el historial de la aplicación
18:28:57.265 [JavaFX Application Thread] ERROR com.svalero.gestordescargas.controlador.AppControlador - No se encuentra el fichero de historial
18:30:48.247 [JavaFX Application Thread] TRACE com.svalero.gestordescargas.controlador.SplashScreenControlador - Se inicia la aplicación desde el Splash Screen
18:30:54.666 [JavaFX Application Thread] TRACE com.svalero.gestordescargas.controlador.AppControlador - Se visualiza el historial de la aplicación
18:30:54.672 [JavaFX Application Thread] ERROR com.svalero.gestordescargas.controlador.AppControlador - No se encuentra el fichero de historial
18:32:06.815 [JavaFX Application Thread] TRACE com.svalero.gestordescargas.controlador.SplashScreenControlador - Se inicia la aplicación desde el Splash Screen
18:32:20.241 [JavaFX Application Thread] TRACE com.svalero.gestordescargas.controlador.AppControlador - Se visualiza el historial de la aplicación
18:32:20.247 [JavaFX Application Thread] ERROR com.svalero.gestordescargas.controlador.AppControlador - No se encuentra el fichero de historial
18:37:26.695 [JavaFX Application Thread] TRACE com.svalero.gestordescargas.controlador.SplashScreenControlador - Se inicia la aplicación desde el Splash Screen
18:37:35.272 [JavaFX Application Thread] TRACE com.svalero.gestordescargas.controlador.AppControlador - Se visualiza el historial de la aplicación
18:37:35.279 [JavaFX Application Thread] ERROR com.svalero.gestordescargas.controlador.AppControlador - No se encuentra el fichero de historial
18:38:26.727 [JavaFX Application Thread] TRACE com.svalero.gestordescargas.controlador.SplashScreenControlador - Se inicia la aplicación desde el Splash Screen
18:38:34.361 [JavaFX Application Thread] TRACE com.svalero.gestordescargas.controlador.AppControlador - Se visualiza el historial de la aplicación
18:38:36.177 [JavaFX Application Thread] TRACE com.svalero.gestordescargas.controlador.AppControlador - Se visualiza el historial de la aplicación
18:38:36.984 [JavaFX Application Thread] TRACE com.svalero.gestordescargas.controlador.AppControlador - Se visualiza el historial de la aplicación
18:38:38.969 [JavaFX Application Thread] TRACE com.svalero.gestordescargas.controlador.AppControlador - Se visualiza el historial de la aplicación
18:39:10.352 [JavaFX Application Thread] TRACE com.svalero.gestordescargas.controlador.AppControlador - Se visualiza el historial de la aplicación
18:39:12.569 [JavaFX Application Thread] TRACE com.svalero.gestordescargas.controlador.AppControlador - Se visualiza el historial de la aplicación
18:39:13.208 [JavaFX Application Thread] TRACE com.svalero.gestordescargas.controlador.AppControlador - Se visualiza el historial de la aplicación
18:39:28.240 [JavaFX Application Thread] TRACE com.svalero.gestordescargas.controlador.AppControlador - Ruta de descarga seleccionada
18:39:36.123 [JavaFX Application Thread] TRACE com.svalero.gestordescargas.hilo.DescargaTask - Descarga creada
18:39:36.128 [Thread-4] TRACE com.svalero.gestordescargas.hilo.DescargaTask - Se ha iniciado la descarga de https://cdn.kernel.org/pub/linux/kernel/v5.x/linux-5.9.14.tar.xz
18:39:38.193 [JavaFX Application Thread] TRACE com.svalero.gestordescargas.controlador.DescargaControlador - Se ha parado una descarga individual
18:39:38.195 [Thread-4] TRACE com.svalero.gestordescargas.hilo.DescargaTask - Descargahttps://cdn.kernel.org/pub/linux/kernel/v5.x/linux-5.9.14.tar.xz cancelada/parada
18:39:39.009 [JavaFX Application Thread] TRACE com.svalero.gestordescargas.controlador.AppControlador - Se visualiza el historial de la aplicación
19:19:44.363 [JavaFX Application Thread] TRACE com.svalero.gestordescargas.controlador.AppControlador - Se visualiza el historial de la aplicación
19:19:44.368 [JavaFX Application Thread] ERROR com.svalero.gestordescargas.controlador.AppControlador - No se encuentra el fichero de historial
19:21:42.553 [JavaFX Application Thread] TRACE com.svalero.gestordescargas.controlador.SplashScreenControlador - Se inicia la aplicación desde el Splash Screen
19:21:49.130 [JavaFX Application Thread] TRACE com.svalero.gestordescargas.controlador.AppControlador - Se visualiza el historial de la aplicación
19:21:53.163 [JavaFX Application Thread] TRACE com.svalero.gestordescargas.controlador.AppControlador - Se visualiza el historial de la aplicación
19:21:54.074 [JavaFX Application Thread] TRACE com.svalero.gestordescargas.controlador.AppControlador - Se visualiza el historial de la aplicación
19:22:06.528 [JavaFX Application Thread] TRACE com.svalero.gestordescargas.controlador.SplashScreenControlador - Se inicia la aplicación desde el Splash Screen
19:22:13.002 [JavaFX Application Thread] TRACE com.svalero.gestordescargas.controlador.AppControlador - Se visualiza el historial de la aplicación
19:22:20.210 [JavaFX Application Thread] TRACE com.svalero.gestordescargas.controlador.AppControlador - Se paran todas las descargas, pero no hay ninguna
19:22:22.466 [JavaFX Application Thread] TRACE com.svalero.gestordescargas.controlador.AppControlador - Se paran todas las descargas, pero la lista de descargas está vacía
19:22:23.874 [JavaFX Application Thread] TRACE com.svalero.gestordescargas.controlador.AppControlador - Se visualiza el historial de la aplicación
19:25:45.936 [JavaFX Application Thread] TRACE com.svalero.gestordescargas.controlador.SplashScreenControlador - Se inicia la aplicación desde el Splash Screen
19:25:53.362 [JavaFX Application Thread] TRACE com.svalero.gestordescargas.controlador.AppControlador - Se visualiza el historial de la aplicación
19:37:54.415 [JavaFX Application Thread] TRACE com.svalero.gestordescargas.controlador.SplashScreenControlador - Se inicia la aplicación desde el Splash Screen
19:38:05.736 [JavaFX Application Thread] TRACE com.svalero.gestordescargas.controlador.AppControlador - Ruta de descarga seleccionada
19:38:12.220 [JavaFX Application Thread] TRACE com.svalero.gestordescargas.hilo.DescargaTask - Descarga creada
19:38:12.225 [Thread-4] TRACE com.svalero.gestordescargas.hilo.DescargaTask - Se ha iniciado la descarga de https://cdn.kernel.org/pub/linux/kernel/v5.x/linux-5.9.14.tar.xz
19:38:15.208 [JavaFX Application Thread] TRACE com.svalero.gestordescargas.controlador.DescargaControlador - Se ha parado una descarga individual
19:38:15.210 [Thread-4] TRACE com.svalero.gestordescargas.hilo.DescargaTask - Descargahttps://cdn.kernel.org/pub/linux/kernel/v5.x/linux-5.9.14.tar.xz cancelada/parada
19:40:23.047 [JavaFX Application Thread] TRACE com.svalero.gestordescargas.controlador.SplashScreenControlador - Se inicia la aplicación desde el Splash Screen
19:40:35.489 [JavaFX Application Thread] TRACE com.svalero.gestordescargas.controlador.AppControlador - Ruta de descarga seleccionada
19:40:40.587 [JavaFX Application Thread] TRACE com.svalero.gestordescargas.hilo.DescargaTask - Descarga creada
19:40:40.593 [Thread-4] TRACE com.svalero.gestordescargas.hilo.DescargaTask - Se ha iniciado la descarga de https://cdn.kernel.org/pub/linux/kernel/v5.x/linux-5.9.14.tar.xz
19:40:42.464 [JavaFX Application Thread] TRACE com.svalero.gestordescargas.controlador.DescargaControlador - Se ha parado una descarga individual
19:40:42.467 [Thread-4] TRACE com.svalero.gestordescargas.hilo.DescargaTask - Descargahttps://cdn.kernel.org/pub/linux/kernel/v5.x/linux-5.9.14.tar.xz cancelada/parada
19:40:44.896 [JavaFX Application Thread] TRACE com.svalero.gestordescargas.controlador.DescargaControlador - Se ha parado una descarga individual
19:40:45.872 [JavaFX Application Thread] TRACE com.svalero.gestordescargas.controlador.DescargaControlador - Se ha parado una descarga individual
19:40:46.872 [JavaFX Application Thread] TRACE com.svalero.gestordescargas.controlador.DescargaControlador - Se ha parado una descarga individual
19:54:31.725 [JavaFX Application Thread] TRACE com.svalero.gestordescargas.controlador.SplashScreenControlador - Se inicia la aplicación desde el Splash Screen
19:54:40.703 [JavaFX Application Thread] TRACE com.svalero.gestordescargas.controlador.AppControlador - Ruta de descarga seleccionada
19:54:46.946 [JavaFX Application Thread] TRACE com.svalero.gestordescargas.hilo.DescargaTask - Descarga creada
19:54:46.951 [Thread-4] TRACE com.svalero.gestordescargas.hilo.DescargaTask - Se ha iniciado la descarga de https://cdn.kernel.org/pub/linux/kernel/v5.x/linux-5.9.14.tar.xz
19:54:49.183 [JavaFX Application Thread] TRACE com.svalero.gestordescargas.controlador.DescargaControlador - Se ha parado una descarga individual
19:54:49.186 [Thread-4] TRACE com.svalero.gestordescargas.hilo.DescargaTask - Descargahttps://cdn.kernel.org/pub/linux/kernel/v5.x/linux-5.9.14.tar.xz cancelada/parada
23:13:58.588 [JavaFX Application Thread] TRACE com.svalero.gestordescargas.controlador.SplashScreenControlador - Se inicia la aplicación desde el Splash Screen
23:14:05.381 [JavaFX Application Thread] TRACE com.svalero.gestordescargas.controlador.AppControlador - Se visualiza el historial de la aplicación
18:52:30.651 [JavaFX Application Thread] TRACE com.svalero.gestordescargas.controlador.SplashScreenControlador - Se inicia la aplicación desde el Splash Screen
18:53:53.599 [JavaFX Application Thread] TRACE com.svalero.gestordescargas.controlador.AppControlador - Ruta de descarga seleccionada
18:54:06.330 [JavaFX Application Thread] TRACE com.svalero.gestordescargas.hilo.DescargaTask - Descarga creada
18:54:06.336 [Thread-4] TRACE com.svalero.gestordescargas.hilo.DescargaTask - Se ha iniciado la descarga de https://cdn.kernel.org/pub/linux/kernel/v5.x/linux-5.10.1.tar.xz
18:54:10.327 [JavaFX Application Thread] TRACE com.svalero.gestordescargas.controlador.DescargaControlador - Se ha parado una descarga individual
18:54:10.329 [Thread-4] TRACE com.svalero.gestordescargas.hilo.DescargaTask - Descargahttps://cdn.kernel.org/pub/linux/kernel/v5.x/linux-5.10.1.tar.xz cancelada/parada
18:57:12.208 [JavaFX Application Thread] TRACE com.svalero.gestordescargas.controlador.DescargaControlador - Se ha cancelado una descarga de forma individual
18:57:13.455 [JavaFX Application Thread] TRACE com.svalero.gestordescargas.controlador.DescargaControlador - Se ha eliminado una descarga individual
18:57:15.983 [JavaFX Application Thread] TRACE com.svalero.gestordescargas.controlador.DescargaControlador - Se ha eliminado una descarga individual
18:57:18.607 [JavaFX Application Thread] TRACE com.svalero.gestordescargas.controlador.DescargaControlador - Se procede a eliminar todas las descargas
18:57:20.719 [JavaFX Application Thread] TRACE com.svalero.gestordescargas.controlador.AppControlador - Se visualiza el historial de la aplicación
13:08:09.091 [JavaFX Application Thread] TRACE com.svalero.gestordescargas.controlador.SplashScreenControlador - Se inicia la aplicación desde el Splash Screen
13:08:21.801 [JavaFX Application Thread] TRACE com.svalero.gestordescargas.controlador.AppControlador - Ruta de descarga seleccionada
13:08:27.355 [JavaFX Application Thread] TRACE com.svalero.gestordescargas.hilo.DescargaTask - Descarga creada
13:08:27.363 [Thread-4] TRACE com.svalero.gestordescargas.hilo.DescargaTask - Se ha iniciado la descarga de https://cdn.kernel.org/pub/linux/kernel/v5.x/linux-5.10.1.tar.xz
13:08:29.703 [JavaFX Application Thread] TRACE com.svalero.gestordescargas.controlador.DescargaControlador - Se ha parado una descarga individual
13:08:33.289 [JavaFX Application Thread] TRACE com.svalero.gestordescargas.controlador.DescargaControlador - Se ha parado una descarga individual
13:09:10.015 [JavaFX Application Thread] TRACE com.svalero.gestordescargas.controlador.SplashScreenControlador - Se inicia la aplicación desde el Splash Screen
13:09:18.233 [JavaFX Application Thread] TRACE com.svalero.gestordescargas.controlador.AppControlador - Ruta de descarga seleccionada
13:09:23.555 [JavaFX Application Thread] TRACE com.svalero.gestordescargas.hilo.DescargaTask - Descarga creada
13:09:23.560 [Thread-4] TRACE com.svalero.gestordescargas.hilo.DescargaTask - Se ha iniciado la descarga de https://cdn.kernel.org/pub/linux/kernel/v5.x/linux-5.10.1.tar.xz
13:09:25.880 [JavaFX Application Thread] TRACE com.svalero.gestordescargas.controlador.DescargaControlador - Se ha parado una descarga individual
13:09:31.464 [Thread-4] TRACE com.svalero.gestordescargas.hilo.DescargaTask - Descarga finalizada
13:09:43.521 [JavaFX Application Thread] TRACE com.svalero.gestordescargas.controlador.AppControlador - Ruta de descarga seleccionada
13:09:50.248 [JavaFX Application Thread] TRACE com.svalero.gestordescargas.hilo.DescargaTask - Descarga creada
13:09:50.250 [Thread-5] TRACE com.svalero.gestordescargas.hilo.DescargaTask - Se ha iniciado la descarga de https://cdn.kernel.org/pub/linux/kernel/v5.x/linux-5.10.1.tar.xz
13:09:51.818 [JavaFX Application Thread] TRACE com.svalero.gestordescargas.controlador.DescargaControlador - Se ha parado una descarga individual
13:09:59.763 [Thread-5] TRACE com.svalero.gestordescargas.hilo.DescargaTask - Descarga finalizada
13:11:49.184 [JavaFX Application Thread] TRACE com.svalero.gestordescargas.controlador.SplashScreenControlador - Se inicia la aplicación desde el Splash Screen
13:12:00.024 [JavaFX Application Thread] TRACE com.svalero.gestordescargas.controlador.AppControlador - Ruta de descarga seleccionada
13:12:05.131 [JavaFX Application Thread] TRACE com.svalero.gestordescargas.hilo.DescargaTask - Descarga creada
13:12:05.136 [Thread-4] TRACE com.svalero.gestordescargas.hilo.DescargaTask - Se ha iniciado la descarga de https://cdn.kernel.org/pub/linux/kernel/v5.x/linux-5.10.1.tar.xz
13:12:07.792 [JavaFX Application Thread] TRACE com.svalero.gestordescargas.controlador.DescargaControlador - Se ha parado una descarga individual
13:12:11.850 [Thread-4] TRACE com.svalero.gestordescargas.hilo.DescargaTask - Descarga finalizada
13:12:47.775 [JavaFX Application Thread] TRACE com.svalero.gestordescargas.controlador.SplashScreenControlador - Se inicia la aplicación desde el Splash Screen
13:12:54.944 [JavaFX Application Thread] TRACE com.svalero.gestordescargas.controlador.AppControlador - Ruta de descarga seleccionada
13:13:00.139 [JavaFX Application Thread] TRACE com.svalero.gestordescargas.hilo.DescargaTask - Descarga creada
13:13:00.145 [Thread-4] TRACE com.svalero.gestordescargas.hilo.DescargaTask - Se ha iniciado la descarga de https://cdn.kernel.org/pub/linux/kernel/v5.x/linux-5.10.1.tar.xz
13:13:02.425 [JavaFX Application Thread] TRACE com.svalero.gestordescargas.controlador.DescargaControlador - Se ha parado una descarga individual
13:13:04.959 [JavaFX Application Thread] TRACE com.svalero.gestordescargas.controlador.DescargaControlador - Se ha parado una descarga individual
13:13:07.632 [JavaFX Application Thread] TRACE com.svalero.gestordescargas.controlador.DescargaControlador - Se ha parado una descarga individual
13:13:09.481 [JavaFX Application Thread] TRACE com.svalero.gestordescargas.controlador.DescargaControlador - Se ha parado una descarga individual
13:13:11.127 [JavaFX Application Thread] TRACE com.svalero.gestordescargas.controlador.DescargaControlador - Se ha parado una descarga individual
13:13:12.832 [JavaFX Application Thread] TRACE com.svalero.gestordescargas.controlador.DescargaControlador - Se ha eliminado una descarga individual
13:14:34.542 [JavaFX Application Thread] TRACE com.svalero.gestordescargas.controlador.SplashScreenControlador - Se inicia la aplicación desde el Splash Screen
13:14:41.864 [JavaFX Application Thread] TRACE com.svalero.gestordescargas.controlador.AppControlador - Ruta de descarga seleccionada
13:14:49.299 [JavaFX Application Thread] TRACE com.svalero.gestordescargas.hilo.DescargaTask - Descarga creada
13:14:49.304 [Thread-4] TRACE com.svalero.gestordescargas.hilo.DescargaTask - Se ha iniciado la descarga de https://cdn.kernel.org/pub/linux/kernel/v5.x/linux-5.10.1.tar.xz
13:14:52.201 [JavaFX Application Thread] TRACE com.svalero.gestordescargas.controlador.DescargaControlador - Se ha parado una descarga individual
13:14:55.872 [JavaFX Application Thread] TRACE com.svalero.gestordescargas.controlador.DescargaControlador - Se ha cancelado una descarga de forma individual
13:14:59.864 [JavaFX Application Thread] TRACE com.svalero.gestordescargas.controlador.DescargaControlador - Se ha eliminado una descarga individual
13:16:04.246 [JavaFX Application Thread] TRACE com.svalero.gestordescargas.controlador.SplashScreenControlador - Se inicia la aplicación desde el Splash Screen
13:16:13.752 [JavaFX Application Thread] TRACE com.svalero.gestordescargas.controlador.AppControlador - Ruta de descarga seleccionada
13:16:18.834 [JavaFX Application Thread] TRACE com.svalero.gestordescargas.hilo.DescargaTask - Descarga creada
13:16:18.840 [Thread-4] TRACE com.svalero.gestordescargas.hilo.DescargaTask - Se ha iniciado la descarga de https://cdn.kernel.org/pub/linux/kernel/v5.x/linux-5.10.1.tar.xz
13:16:21.923 [JavaFX Application Thread] TRACE com.svalero.gestordescargas.controlador.DescargaControlador - Se ha parado una descarga individual
13:16:22.624 [JavaFX Application Thread] TRACE com.svalero.gestordescargas.controlador.DescargaControlador - Se ha cancelado una descarga de forma individual
13:16:23.543 [JavaFX Application Thread] TRACE com.svalero.gestordescargas.controlador.DescargaControlador - Se ha eliminado una descarga individual
13:16:26.439 [JavaFX Application Thread] TRACE com.svalero.gestordescargas.controlador.AppControlador - Ruta de descarga seleccionada
13:16:35.640 [JavaFX Application Thread] TRACE com.svalero.gestordescargas.controlador.DescargaControlador - Se ha seleccionado otra ruta de descarga distinta a la inicial
13:16:38.810 [JavaFX Application Thread] TRACE com.svalero.gestordescargas.hilo.DescargaTask - Descarga creada
13:16:38.812 [Thread-5] TRACE com.svalero.gestordescargas.hilo.DescargaTask - Se ha iniciado la descarga de https://cdn.kernel.org/pub/linux/kernel/v5.x/linux-5.10.1.tar.xz
13:16:40.157 [JavaFX Application Thread] TRACE com.svalero.gestordescargas.controlador.DescargaControlador - Se ha parado una descarga individual
13:16:41.642 [JavaFX Application Thread] TRACE com.svalero.gestordescargas.controlador.DescargaControlador - Se ha parado una descarga individual
13:16:43.144 [JavaFX Application Thread] TRACE com.svalero.gestordescargas.controlador.DescargaControlador - Se ha parado una descarga individual
13:16:44.128 [JavaFX Application Thread] TRACE com.svalero.gestordescargas.controlador.DescargaControlador - Se ha cancelado una descarga de forma individual
13:16:44.511 [JavaFX Application Thread] TRACE com.svalero.gestordescargas.controlador.DescargaControlador - Se ha eliminado una descarga individual
13:16:47.120 [JavaFX Application Thread] TRACE com.svalero.gestordescargas.controlador.DescargaControlador - Se procede a eliminar todas las descargas
13:16:47.121 [JavaFX Application Thread] TRACE com.svalero.gestordescargas.controlador.DescargaControlador - Se procede a eliminar todas las descargas
13:16:48.744 [JavaFX Application Thread] TRACE com.svalero.gestordescargas.controlador.AppControlador - Se paran todas las descargas, pero no hay ninguna
13:16:50.328 [JavaFX Application Thread] TRACE com.svalero.gestordescargas.controlador.AppControlador - Se visualiza el historial de la aplicación
13:18:20.814 [JavaFX Application Thread] TRACE com.svalero.gestordescargas.controlador.SplashScreenControlador - Se inicia la aplicación desde el Splash Screen
13:18:28.728 [JavaFX Application Thread] TRACE com.svalero.gestordescargas.controlador.AppControlador - Ruta de descarga seleccionada
13:18:39.255 [JavaFX Application Thread] TRACE com.svalero.gestordescargas.controlador.AppControlador - Ruta de descarga seleccionada
13:18:55.378 [JavaFX Application Thread] TRACE com.svalero.gestordescargas.hilo.DescargaTask - Descarga creada
13:18:55.384 [Thread-4] TRACE com.svalero.gestordescargas.hilo.DescargaTask - Se ha iniciado la descarga de https://cdn.kernel.org/pub/linux/kernel/v5.x/linux-5.10.1.tar.xz
13:18:57.688 [JavaFX Application Thread] TRACE com.svalero.gestordescargas.controlador.DescargaControlador - Se ha parado una descarga individual
13:18:58.991 [JavaFX Application Thread] TRACE com.svalero.gestordescargas.hilo.DescargaTask - Descarga creada
13:18:58.992 [Thread-5] TRACE com.svalero.gestordescargas.hilo.DescargaTask - Se ha iniciado la descarga de https://cdn.kernel.org/pub/linux/kernel/v5.x/linux-5.10.1.tar.xz
13:19:00.855 [JavaFX Application Thread] TRACE com.svalero.gestordescargas.controlador.DescargaControlador - Se ha parado una descarga individual
13:19:03.552 [JavaFX Application Thread] TRACE com.svalero.gestordescargas.controlador.DescargaControlador - Se ha parado una descarga individual
13:19:04.880 [JavaFX Application Thread] TRACE com.svalero.gestordescargas.controlador.DescargaControlador - Se procede a eliminar todas las descargas
13:19:04.883 [JavaFX Application Thread] TRACE com.svalero.gestordescargas.controlador.DescargaControlador - Se han eliminado y cancelado todas las descargas
13:19:04.883 [JavaFX Application Thread] TRACE com.svalero.gestordescargas.controlador.DescargaControlador - Se procede a eliminar todas las descargas
13:19:04.883 [JavaFX Application Thread] TRACE com.svalero.gestordescargas.controlador.DescargaControlador - Se han eliminado y cancelado todas las descargas
11:10:35.902 [JavaFX Application Thread] TRACE com.svalero.gestordescargas.controlador.SplashScreenControlador - Se inicia la aplicación desde el Splash Screen
11:10:43.254 [JavaFX Application Thread] TRACE com.svalero.gestordescargas.controlador.AppControlador - Ruta de descarga seleccionada
11:10:51.234 [JavaFX Application Thread] TRACE com.svalero.gestordescargas.controlador.AppControlador - Se añade una descarga
11:10:51.234 [JavaFX Application Thread] TRACE com.svalero.gestordescargas.controlador.AppControlador - Se añade un controlador a la lista de controladores
11:10:53.942 [JavaFX Application Thread] TRACE com.svalero.gestordescargas.controlador.AppControlador - Ruta de descarga seleccionada
11:10:59.608 [JavaFX Application Thread] TRACE com.svalero.gestordescargas.controlador.AppControlador - Se añade una descarga
11:10:59.608 [JavaFX Application Thread] TRACE com.svalero.gestordescargas.controlador.AppControlador - Se añade un controlador a la lista de controladores
11:11:01.048 [JavaFX Application Thread] TRACE com.svalero.gestordescargas.hilo.DescargaTask - Descarga creada
11:11:01.057 [Thread-4] TRACE com.svalero.gestordescargas.hilo.DescargaTask - Se ha iniciado la descarga de https://cdn.kernel.org/pub/linux/kernel/v5.x/linux-5.10.1.tar.xz
11:11:03.614 [JavaFX Application Thread] TRACE com.svalero.gestordescargas.hilo.DescargaTask - Descarga creada
11:11:03.617 [Thread-5] TRACE com.svalero.gestordescargas.hilo.DescargaTask - Se ha iniciado la descarga de https://cdn.kernel.org/pub/linux/kernel/v5.x/linux-5.10.1.tar.xz
11:11:04.198 [JavaFX Application Thread] TRACE com.svalero.gestordescargas.controlador.DescargaControlador - Se procede a parar todas las descargas
11:11:04.200 [Thread-4] TRACE com.svalero.gestordescargas.hilo.DescargaTask - Descargahttps://cdn.kernel.org/pub/linux/kernel/v5.x/linux-5.10.1.tar.xz cancelada/parada
11:11:04.201 [JavaFX Application Thread] TRACE com.svalero.gestordescargas.controlador.DescargaControlador - Se han parado todas las descargas
11:11:04.212 [JavaFX Application Thread] TRACE com.svalero.gestordescargas.controlador.DescargaControlador - Se procede a parar todas las descargas
11:11:04.212 [JavaFX Application Thread] TRACE com.svalero.gestordescargas.controlador.DescargaControlador - Se han parado todas las descargas
11:11:04.213 [JavaFX Application Thread] TRACE com.svalero.gestordescargas.controlador.AppControlador - Reseteo del contador de descargas a 0
11:11:04.213 [Thread-5] TRACE com.svalero.gestordescargas.hilo.DescargaTask - Descargahttps://cdn.kernel.org/pub/linux/kernel/v5.x/linux-5.10.1.tar.xz cancelada/parada
11:11:04.327 [JavaFX Application Thread] TRACE com.svalero.gestordescargas.controlador.AppControlador - Se paran todas las descargas
11:14:05.316 [JavaFX Application Thread] TRACE com.svalero.gestordescargas.controlador.SplashScreenControlador - Se inicia la aplicación desde el Splash Screen
11:14:17.988 [JavaFX Application Thread] TRACE com.svalero.gestordescargas.controlador.AppControlador - Se intentan parar todas las descargas, pero no hay ninguna
11:14:19.878 [JavaFX Application Thread] TRACE com.svalero.gestordescargas.controlador.AppControlador - Se paran todas las descargas, pero la lista de descargas está vacía
11:14:29.262 [JavaFX Application Thread] TRACE com.svalero.gestordescargas.controlador.AppControlador - Ruta de descarga seleccionada
11:14:32.934 [JavaFX Application Thread] TRACE com.svalero.gestordescargas.controlador.AppControlador - Se añade una descarga
11:14:32.934 [JavaFX Application Thread] TRACE com.svalero.gestordescargas.controlador.AppControlador - Se añade un controlador a la lista de controladores
11:14:34.829 [JavaFX Application Thread] TRACE com.svalero.gestordescargas.controlador.AppControlador - Ruta de descarga seleccionada
11:14:39.225 [JavaFX Application Thread] TRACE com.svalero.gestordescargas.controlador.AppControlador - Se añade una descarga
11:14:39.225 [JavaFX Application Thread] TRACE com.svalero.gestordescargas.controlador.AppControlador - Se añade un controlador a la lista de controladores
11:14:40.382 [JavaFX Application Thread] TRACE com.svalero.gestordescargas.controlador.DescargaControlador - Se procede a parar todas las descargas
11:14:40.382 [JavaFX Application Thread] TRACE com.svalero.gestordescargas.controlador.DescargaControlador - Se procede a parar todas las descargas
11:14:40.382 [JavaFX Application Thread] TRACE com.svalero.gestordescargas.controlador.AppControlador - Reseteo del contador de descargas a 0
11:14:40.419 [JavaFX Application Thread] TRACE com.svalero.gestordescargas.controlador.AppControlador - Se paran todas las descargas
11:14:42.696 [JavaFX Application Thread] TRACE com.svalero.gestordescargas.hilo.DescargaTask - Descarga creada
11:14:42.702 [Thread-4] TRACE com.svalero.gestordescargas.hilo.DescargaTask - Se ha iniciado la descarga de https://cdn.kernel.org/pub/linux/kernel/v5.x/linux-5.10.1.tar.xz
11:14:44.893 [JavaFX Application Thread] TRACE com.svalero.gestordescargas.hilo.DescargaTask - Descarga creada
11:14:44.895 [Thread-5] TRACE com.svalero.gestordescargas.hilo.DescargaTask - Se ha iniciado la descarga de https://cdn.kernel.org/pub/linux/kernel/v5.x/linux-5.10.1.tar.xz
11:14:46.796 [JavaFX Application Thread] TRACE com.svalero.gestordescargas.controlador.DescargaControlador - Se procede a parar todas las descargas
11:14:46.802 [JavaFX Application Thread] TRACE com.svalero.gestordescargas.controlador.DescargaControlador - Se procede a parar todas las descargas
11:14:46.803 [JavaFX Application Thread] TRACE com.svalero.gestordescargas.controlador.AppControlador - Reseteo del contador de descargas a 0
11:14:46.840 [JavaFX Application Thread] TRACE com.svalero.gestordescargas.controlador.AppControlador - Se paran todas las descargas
11:14:52.368 [JavaFX Application Thread] TRACE com.svalero.gestordescargas.controlador.DescargaControlador - Se ha parado una descarga individual
11:14:54.286 [JavaFX Application Thread] TRACE com.svalero.gestordescargas.controlador.DescargaControlador - Se ha parado una descarga individual
11:15:06.925 [JavaFX Application Thread] TRACE com.svalero.gestordescargas.controlador.DescargaControlador - Se procede a eliminar todas las descargas
11:15:06.928 [JavaFX Application Thread] TRACE com.svalero.gestordescargas.controlador.DescargaControlador - Se han eliminado y cancelado todas las descargas
11:15:06.928 [JavaFX Application Thread] TRACE com.svalero.gestordescargas.controlador.DescargaControlador - Se procede a eliminar todas las descargas
11:15:06.929 [JavaFX Application Thread] TRACE com.svalero.gestordescargas.controlador.DescargaControlador - Se han eliminado y cancelado todas las descargas
11:16:48.323 [JavaFX Application Thread] TRACE com.svalero.gestordescargas.controlador.SplashScreenControlador - Se inicia la aplicación desde el Splash Screen
11:16:59.117 [JavaFX Application Thread] TRACE com.svalero.gestordescargas.controlador.AppControlador - Ruta de descarga seleccionada
11:17:04.577 [JavaFX Application Thread] TRACE com.svalero.gestordescargas.controlador.AppControlador - Se añade una descarga
11:17:04.578 [JavaFX Application Thread] TRACE com.svalero.gestordescargas.controlador.AppControlador - Se añade un controlador a la lista de controladores
11:17:06.310 [JavaFX Application Thread] TRACE com.svalero.gestordescargas.controlador.AppControlador - Ruta de descarga seleccionada
11:17:17.032 [JavaFX Application Thread] TRACE com.svalero.gestordescargas.controlador.AppControlador - Se añade una descarga
11:17:17.032 [JavaFX Application Thread] TRACE com.svalero.gestordescargas.controlador.AppControlador - Se añade un controlador a la lista de controladores
11:17:20.965 [JavaFX Application Thread] TRACE com.svalero.gestordescargas.controlador.DescargaControlador - Se procede a eliminar todas las descargas
11:17:20.965 [JavaFX Application Thread] TRACE com.svalero.gestordescargas.controlador.DescargaControlador - Se procede a eliminar todas las descargas
11:19:36.421 [JavaFX Application Thread] TRACE com.svalero.gestordescargas.controlador.AppControlador - Se paran todas las descargas, pero la lista de descargas está vacía
11:19:39.105 [JavaFX Application Thread] TRACE com.svalero.gestordescargas.controlador.AppControlador - Se intentan parar todas las descargas, pero no hay ninguna
11:19:41.022 [JavaFX Application Thread] TRACE com.svalero.gestordescargas.controlador.AppControlador - Se visualiza el historial de la aplicación
11:28:29.859 [JavaFX Application Thread] TRACE com.svalero.gestordescargas.controlador.SplashScreenControlador - Se inicia la aplicación desde el Splash Screen
11:28:36.572 [JavaFX Application Thread] TRACE com.svalero.gestordescargas.controlador.AppControlador - Ruta de descarga seleccionada
11:28:40.917 [JavaFX Application Thread] TRACE com.svalero.gestordescargas.controlador.AppControlador - Se añade una descarga
11:28:40.918 [JavaFX Application Thread] TRACE com.svalero.gestordescargas.controlador.AppControlador - Se añade un controlador a la lista de controladores
11:28:42.828 [JavaFX Application Thread] TRACE com.svalero.gestordescargas.controlador.DescargaControlador - Se ha seleccionado otra ruta de descarga distinta a la inicial
11:28:49.519 [JavaFX Application Thread] TRACE com.svalero.gestordescargas.hilo.DescargaTask - Descarga creada
11:28:49.525 [Thread-4] TRACE com.svalero.gestordescargas.hilo.DescargaTask - Se ha iniciado la descarga de https://cdn.kernel.org/pub/linux/kernel/v5.x/linux-5.10.1.tar.xz
11:28:56.045 [Thread-4] TRACE com.svalero.gestordescargas.hilo.DescargaTask - Descarga finalizada
11:38:45.970 [JavaFX Application Thread] TRACE com.svalero.gestordescargas.controlador.SplashScreenControlador - Se inicia la aplicación desde el Splash Screen
11:38:53.732 [JavaFX Application Thread] TRACE com.svalero.gestordescargas.controlador.AppControlador - Ruta de descarga seleccionada
11:38:57.605 [JavaFX Application Thread] TRACE com.svalero.gestordescargas.controlador.AppControlador - Se añade una descarga
11:38:57.605 [JavaFX Application Thread] TRACE com.svalero.gestordescargas.controlador.AppControlador - Se añade un controlador a la lista de controladores
11:38:57.980 [JavaFX Application Thread] TRACE com.svalero.gestordescargas.controlador.AppControlador - Ruta de descarga seleccionada
11:39:02.918 [JavaFX Application Thread] TRACE com.svalero.gestordescargas.hilo.DescargaTask - Descarga creada
11:39:02.921 [JavaFX Application Thread] TRACE com.svalero.gestordescargas.controlador.DescargaControlador - Se inicia la descarga desde la ruta original
11:39:02.924 [Thread-4] TRACE com.svalero.gestordescargas.hilo.DescargaTask - Se ha iniciado la descarga de https://cdn.kernel.org/pub/linux/kernel/v5.x/linux-5.10.1.tar.xz
11:39:06.171 [JavaFX Application Thread] TRACE com.svalero.gestordescargas.controlador.DescargaControlador - Se ha parado una descarga individual
11:39:06.171 [JavaFX Application Thread] TRACE com.svalero.gestordescargas.hilo.DescargaTask - Se duerme el hilo hasta que se reanude la descarga
11:39:10.293 [JavaFX Application Thread] TRACE com.svalero.gestordescargas.controlador.DescargaControlador - Descarga eliminada de https://cdn.kernel.org/pub/linux/kernel/v5.x/linux-5.10.1.tar.xz
11:39:11.716 [JavaFX Application Thread] TRACE com.svalero.gestordescargas.controlador.AppControlador - Se pulsa el botón de descarga pero no se ha introducido ninguna URL válida
11:39:14.503 [JavaFX Application Thread] TRACE com.svalero.gestordescargas.controlador.AppControlador - Se añade una descarga
11:39:14.504 [JavaFX Application Thread] TRACE com.svalero.gestordescargas.controlador.AppControlador - Se añade un controlador a la lista de controladores
11:40:06.361 [JavaFX Application Thread] TRACE com.svalero.gestordescargas.controlador.SplashScreenControlador - Se inicia la aplicación desde el Splash Screen
11:40:13.124 [JavaFX Application Thread] TRACE com.svalero.gestordescargas.controlador.AppControlador - Ruta de descarga seleccionada
11:40:17.331 [JavaFX Application Thread] TRACE com.svalero.gestordescargas.controlador.AppControlador - Se añade una descarga
11:40:17.332 [JavaFX Application Thread] TRACE com.svalero.gestordescargas.controlador.AppControlador - Se añade un controlador a la lista de controladores
11:42:54.625 [JavaFX Application Thread] TRACE com.svalero.gestordescargas.controlador.SplashScreenControlador - Se inicia la aplicación desde el Splash Screen
11:43:06.483 [JavaFX Application Thread] TRACE com.svalero.gestordescargas.controlador.AppControlador - Ruta de descarga seleccionada
11:43:10.724 [JavaFX Application Thread] TRACE com.svalero.gestordescargas.controlador.AppControlador - Se añade una descarga
11:43:10.725 [JavaFX Application Thread] TRACE com.svalero.gestordescargas.controlador.AppControlador - Se añade un controlador a la lista de controladores
11:45:46.329 [JavaFX Application Thread] TRACE com.svalero.gestordescargas.controlador.SplashScreenControlador - Se inicia la aplicación desde el Splash Screen
11:45:53.427 [JavaFX Application Thread] TRACE com.svalero.gestordescargas.controlador.AppControlador - Ruta de descarga seleccionada
11:45:58.668 [JavaFX Application Thread] TRACE com.svalero.gestordescargas.controlador.AppControlador - Se añade una descarga
11:45:58.668 [JavaFX Application Thread] TRACE com.svalero.gestordescargas.controlador.AppControlador - Se añade un controlador a la lista de controladores
11:46:00.130 [JavaFX Application Thread] TRACE com.svalero.gestordescargas.controlador.DescargaControlador - Se ha eliminado una descarga individual
11:49:17.635 [JavaFX Application Thread] TRACE com.svalero.gestordescargas.controlador.SplashScreenControlador - Se inicia la aplicación desde el Splash Screen
11:49:25.339 [JavaFX Application Thread] TRACE com.svalero.gestordescargas.controlador.AppControlador - Ruta de descarga seleccionada
11:49:30.459 [JavaFX Application Thread] TRACE com.svalero.gestordescargas.controlador.AppControlador - Se añade una descarga
11:49:30.460 [JavaFX Application Thread] TRACE com.svalero.gestordescargas.controlador.AppControlador - Se añade un controlador a la lista de controladores
11:49:31.341 [JavaFX Application Thread] TRACE com.svalero.gestordescargas.hilo.DescargaTask - Descarga creada
11:49:31.348 [Thread-4] TRACE com.svalero.gestordescargas.hilo.DescargaTask - Se ha iniciado la descarga de https://cdn.kernel.org/pub/linux/kernel/v5.x/linux-5.10.1.tar.xz
11:49:33.361 [JavaFX Application Thread] TRACE com.svalero.gestordescargas.controlador.DescargaControlador - Se ha parado una descarga individual
11:49:33.362 [JavaFX Application Thread] TRACE com.svalero.gestordescargas.hilo.DescargaTask - Se duerme el hilo hasta que se reanude la descarga
11:49:34.194 [JavaFX Application Thread] TRACE com.svalero.gestordescargas.hilo.DescargaTask - Se duerme el hilo hasta que se reanude la descarga
11:49:35.279 [JavaFX Application Thread] TRACE com.svalero.gestordescargas.controlador.DescargaControlador - Se ha parado una descarga individual
11:49:35.279 [JavaFX Application Thread] TRACE com.svalero.gestordescargas.hilo.DescargaTask - Se duerme el hilo hasta que se reanude la descarga
11:49:36.474 [JavaFX Application Thread] TRACE com.svalero.gestordescargas.controlador.DescargaControlador - Se ha eliminado una descarga individual
11:49:39.770 [JavaFX Application Thread] TRACE com.svalero.gestordescargas.controlador.AppControlador - Ruta de descarga seleccionada
11:49:43.997 [JavaFX Application Thread] TRACE com.svalero.gestordescargas.controlador.AppControlador - Se añade una descarga
11:49:43.997 [JavaFX Application Thread] TRACE com.svalero.gestordescargas.controlador.AppControlador - Se añade un controlador a la lista de controladores
11:49:45.210 [JavaFX Application Thread] TRACE com.svalero.gestordescargas.controlador.DescargaControlador - Se ha eliminado una descarga individual
11:49:48.146 [JavaFX Application Thread] TRACE com.svalero.gestordescargas.controlador.AppControlador - Ruta de descarga seleccionada
11:49:53.763 [JavaFX Application Thread] TRACE com.svalero.gestordescargas.controlador.AppControlador - Se añade una descarga
11:49:53.764 [JavaFX Application Thread] TRACE com.svalero.gestordescargas.controlador.AppControlador - Se añade un controlador a la lista de controladores
11:49:56.083 [JavaFX Application Thread] TRACE com.svalero.gestordescargas.controlador.DescargaControlador - Se ha eliminado una descarga individual
11:49:58.762 [JavaFX Application Thread] TRACE com.svalero.gestordescargas.controlador.DescargaControlador - Se eliminan todas las descargas
11:49:58.763 [JavaFX Application Thread] TRACE com.svalero.gestordescargas.controlador.DescargaControlador - Se eliminan todas las descargas
11:49:58.763 [JavaFX Application Thread] TRACE com.svalero.gestordescargas.controlador.DescargaControlador - Se eliminan todas las descargas
11:49:58.763 [JavaFX Application Thread] TRACE com.svalero.gestordescargas.controlador.AppControlador - Reseteo del contador de descargas a 0
11:50:00.802 [JavaFX Application Thread] TRACE com.svalero.gestordescargas.controlador.AppControlador - Ruta de descarga seleccionada
11:50:05.483 [JavaFX Application Thread] TRACE com.svalero.gestordescargas.controlador.AppControlador - Se añade una descarga
11:50:05.483 [JavaFX Application Thread] TRACE com.svalero.gestordescargas.controlador.AppControlador - Se añade un controlador a la lista de controladores
11:50:06.363 [JavaFX Application Thread] TRACE com.svalero.gestordescargas.hilo.DescargaTask - Descarga creada
11:50:06.364 [Thread-5] TRACE com.svalero.gestordescargas.hilo.DescargaTask - Se ha iniciado la descarga de https://cdn.kernel.org/pub/linux/kernel/v5.x/linux-5.10.1.tar.xz
11:50:07.878 [JavaFX Application Thread] TRACE com.svalero.gestordescargas.controlador.DescargaControlador - Se ha parado una descarga individual
11:50:07.878 [JavaFX Application Thread] TRACE com.svalero.gestordescargas.hilo.DescargaTask - Se duerme el hilo hasta que se reanude la descarga
11:50:08.658 [JavaFX Application Thread] TRACE com.svalero.gestordescargas.hilo.DescargaTask - Se duerme el hilo hasta que se reanude la descarga
11:50:09.450 [JavaFX Application Thread] TRACE com.svalero.gestordescargas.controlador.DescargaControlador - Se ha parado una descarga individual
11:50:09.450 [JavaFX Application Thread] TRACE com.svalero.gestordescargas.hilo.DescargaTask - Se duerme el hilo hasta que se reanude la descarga
11:50:10.642 [JavaFX Application Thread] TRACE com.svalero.gestordescargas.controlador.DescargaControlador - Se ha eliminado una descarga individual
11:50:13.434 [JavaFX Application Thread] TRACE com.svalero.gestordescargas.controlador.AppControlador - Ruta de descarga seleccionada
11:50:18.314 [JavaFX Application Thread] TRACE com.svalero.gestordescargas.controlador.AppControlador - Se añade una descarga
11:50:18.314 [JavaFX Application Thread] TRACE com.svalero.gestordescargas.controlador.AppControlador - Se añade un controlador a la lista de controladores
11:50:24.859 [JavaFX Application Thread] TRACE com.svalero.gestordescargas.hilo.DescargaTask - Descarga creada
11:50:24.860 [Thread-6] TRACE com.svalero.gestordescargas.hilo.DescargaTask - Se ha iniciado la descarga de https://cdn.kernel.org/pub/linux/kernel/v5.x/linux-5.10.1.tar.xz
11:50:25.866 [JavaFX Application Thread] TRACE com.svalero.gestordescargas.controlador.DescargaControlador - Se ha parado una descarga individual
11:50:25.867 [JavaFX Application Thread] TRACE com.svalero.gestordescargas.hilo.DescargaTask - Se duerme el hilo hasta que se reanude la descarga
11:50:28.099 [JavaFX Application Thread] TRACE com.svalero.gestordescargas.controlador.DescargaControlador - Se ha cancelado una descarga de forma individual
11:50:30.402 [JavaFX Application Thread] TRACE com.svalero.gestordescargas.controlador.DescargaControlador - Se ha cancelado una descarga de forma individual
11:50:31.146 [JavaFX Application Thread] TRACE com.svalero.gestordescargas.controlador.DescargaControlador - Se ha cancelado una descarga de forma individual
11:50:31.378 [JavaFX Application Thread] TRACE com.svalero.gestordescargas.controlador.DescargaControlador - Se ha cancelado una descarga de forma individual
11:50:31.626 [JavaFX Application Thread] TRACE com.svalero.gestordescargas.controlador.DescargaControlador - Se ha cancelado una descarga de forma individual
11:50:31.835 [JavaFX Application Thread] TRACE com.svalero.gestordescargas.controlador.DescargaControlador - Se ha cancelado una descarga de forma individual
11:50:32.050 [JavaFX Application Thread] TRACE com.svalero.gestordescargas.controlador.DescargaControlador - Se ha cancelado una descarga de forma individual
11:50:32.610 [JavaFX Application Thread] TRACE com.svalero.gestordescargas.controlador.DescargaControlador - Se ha eliminado una descarga individual
11:52:32.841 [JavaFX Application Thread] TRACE com.svalero.gestordescargas.controlador.SplashScreenControlador - Se inicia la aplicación desde el Splash Screen
11:52:41.298 [JavaFX Application Thread] TRACE com.svalero.gestordescargas.controlador.AppControlador - Ruta de descarga seleccionada
11:52:45.148 [JavaFX Application Thread] TRACE com.svalero.gestordescargas.controlador.AppControlador - Se añade una descarga
11:52:45.148 [JavaFX Application Thread] TRACE com.svalero.gestordescargas.controlador.AppControlador - Se añade un controlador a la lista de controladores
11:52:46.245 [JavaFX Application Thread] TRACE com.svalero.gestordescargas.hilo.DescargaTask - Descarga creada
11:52:46.250 [Thread-4] TRACE com.svalero.gestordescargas.hilo.DescargaTask - Se ha iniciado la descarga de https://cdn.kernel.org/pub/linux/kernel/v5.x/linux-5.10.1.tar.xz
11:52:49.658 [JavaFX Application Thread] TRACE com.svalero.gestordescargas.controlador.DescargaControlador - Se ha parado una descarga individual
11:52:49.658 [JavaFX Application Thread] TRACE com.svalero.gestordescargas.hilo.DescargaTask - Se duerme el hilo hasta que se reanude la descarga
11:52:51.683 [JavaFX Application Thread] TRACE com.svalero.gestordescargas.hilo.DescargaTask - Se duerme el hilo hasta que se reanude la descarga
11:52:53.276 [JavaFX Application Thread] TRACE com.svalero.gestordescargas.controlador.DescargaControlador - Se ha parado una descarga individual
11:52:53.277 [JavaFX Application Thread] TRACE com.svalero.gestordescargas.hilo.DescargaTask - Se duerme el hilo hasta que se reanude la descarga
11:52:54.571 [JavaFX Application Thread] TRACE com.svalero.gestordescargas.controlador.DescargaControlador - Se ha eliminado una descarga individual
11:52:57.786 [JavaFX Application Thread] TRACE com.svalero.gestordescargas.controlador.AppControlador - Ruta de descarga seleccionada
11:53:01.590 [JavaFX Application Thread] TRACE com.svalero.gestordescargas.controlador.AppControlador - Se añade una descarga
11:53:01.591 [JavaFX Application Thread] TRACE com.svalero.gestordescargas.controlador.AppControlador - Se añade un controlador a la lista de controladores
11:55:26.667 [JavaFX Application Thread] TRACE com.svalero.gestordescargas.controlador.SplashScreenControlador - Se inicia la aplicación desde el Splash Screen
11:55:34.666 [JavaFX Application Thread] TRACE com.svalero.gestordescargas.controlador.AppControlador - Ruta de descarga seleccionada
11:55:38.730 [JavaFX Application Thread] TRACE com.svalero.gestordescargas.controlador.AppControlador - Se añade una descarga
11:55:38.731 [JavaFX Application Thread] TRACE com.svalero.gestordescargas.controlador.AppControlador - Se añade un controlador a la lista de controladores
11:55:39.900 [JavaFX Application Thread] TRACE com.svalero.gestordescargas.hilo.DescargaTask - Descarga creada
11:55:39.906 [Thread-4] TRACE com.svalero.gestordescargas.hilo.DescargaTask - Se ha iniciado la descarga de https://cdn.kernel.org/pub/linux/kernel/v5.x/linux-5.10.1.tar.xz
11:55:41.795 [JavaFX Application Thread] TRACE com.svalero.gestordescargas.controlador.DescargaControlador - Se ha parado una descarga individual
11:55:41.795 [JavaFX Application Thread] TRACE com.svalero.gestordescargas.hilo.DescargaTask - Se duerme el hilo hasta que se reanude la descarga
11:55:42.850 [JavaFX Application Thread] TRACE com.svalero.gestordescargas.hilo.DescargaTask - Se duerme el hilo hasta que se reanude la descarga
11:55:44.497 [JavaFX Application Thread] TRACE com.svalero.gestordescargas.controlador.DescargaControlador - Se ha parado una descarga individual
11:55:44.498 [JavaFX Application Thread] TRACE com.svalero.gestordescargas.hilo.DescargaTask - Se duerme el hilo hasta que se reanude la descarga
11:55:45.858 [JavaFX Application Thread] TRACE com.svalero.gestordescargas.controlador.DescargaControlador - Se ha eliminado una descarga individual
11:55:51.290 [JavaFX Application Thread] TRACE com.svalero.gestordescargas.controlador.AppControlador - Ruta de descarga seleccionada
11:55:55.014 [JavaFX Application Thread] TRACE com.svalero.gestordescargas.controlador.AppControlador - Se añade una descarga
11:55:55.014 [JavaFX Application Thread] TRACE com.svalero.gestordescargas.controlador.AppControlador - Se añade un controlador a la lista de controladores
11:55:57.234 [JavaFX Application Thread] TRACE com.svalero.gestordescargas.controlador.DescargaControlador - Se ha eliminado una descarga individual
11:55:59.337 [JavaFX Application Thread] TRACE com.svalero.gestordescargas.hilo.DescargaTask - Descarga creada
11:55:59.339 [Thread-5] TRACE com.svalero.gestordescargas.hilo.DescargaTask - Se ha iniciado la descarga de https://cdn.kernel.org/pub/linux/kernel/v5.x/linux-5.10.1.tar.xz
11:56:00.885 [JavaFX Application Thread] TRACE com.svalero.gestordescargas.controlador.DescargaControlador - Se ha parado una descarga individual
11:56:00.886 [JavaFX Application Thread] TRACE com.svalero.gestordescargas.hilo.DescargaTask - Se duerme el hilo hasta que se reanude la descarga
11:56:03.266 [JavaFX Application Thread] TRACE com.svalero.gestordescargas.hilo.DescargaTask - Se duerme el hilo hasta que se reanude la descarga
11:56:05.402 [JavaFX Application Thread] TRACE com.svalero.gestordescargas.controlador.DescargaControlador - Se ha parado una descarga individual
11:56:05.403 [JavaFX Application Thread] TRACE com.svalero.gestordescargas.hilo.DescargaTask - Se duerme el hilo hasta que se reanude la descarga
11:57:04.688 [JavaFX Application Thread] TRACE com.svalero.gestordescargas.controlador.SplashScreenControlador - Se inicia la aplicación desde el Splash Screen
11:57:15.002 [JavaFX Application Thread] TRACE com.svalero.gestordescargas.controlador.AppControlador - Ruta de descarga seleccionada
11:57:19.402 [JavaFX Application Thread] TRACE com.svalero.gestordescargas.controlador.AppControlador - Se añade una descarga
11:57:19.402 [JavaFX Application Thread] TRACE com.svalero.gestordescargas.controlador.AppControlador - Se añade un controlador a la lista de controladores
11:57:20.178 [JavaFX Application Thread] TRACE com.svalero.gestordescargas.controlador.AppControlador - Ruta de descarga seleccionada
11:57:25.044 [JavaFX Application Thread] TRACE com.svalero.gestordescargas.controlador.AppControlador - Se añade una descarga
11:57:25.045 [JavaFX Application Thread] TRACE com.svalero.gestordescargas.controlador.AppControlador - Se añade un controlador a la lista de controladores
11:57:27.117 [JavaFX Application Thread] TRACE com.svalero.gestordescargas.hilo.DescargaTask - Descarga creada
11:57:27.122 [Thread-4] TRACE com.svalero.gestordescargas.hilo.DescargaTask - Se ha iniciado la descarga de https://cdn.kernel.org/pub/linux/kernel/v5.x/linux-5.10.1.tar.xz
11:57:31.488 [JavaFX Application Thread] TRACE com.svalero.gestordescargas.controlador.DescargaControlador - Se ha parado una descarga individual
11:57:31.488 [JavaFX Application Thread] TRACE com.svalero.gestordescargas.hilo.DescargaTask - Se duerme el hilo hasta que se reanude la descarga
11:57:35.386 [JavaFX Application Thread] TRACE com.svalero.gestordescargas.hilo.DescargaTask - Descarga creada
11:57:35.387 [Thread-5] TRACE com.svalero.gestordescargas.hilo.DescargaTask - Se ha iniciado la descarga de https://cdn.kernel.org/pub/linux/kernel/v5.x/linux-5.10.1.tar.xz
11:57:37.585 [JavaFX Application Thread] TRACE com.svalero.gestordescargas.controlador.DescargaControlador - Se ha parado una descarga individual
11:57:37.585 [JavaFX Application Thread] TRACE com.svalero.gestordescargas.hilo.DescargaTask - Se duerme el hilo hasta que se reanude la descarga
11:57:41.034 [JavaFX Application Thread] TRACE com.svalero.gestordescargas.controlador.DescargaControlador - Se ha cancelado una descarga de forma individual
11:57:41.714 [JavaFX Application Thread] TRACE com.svalero.gestordescargas.controlador.DescargaControlador - Se ha eliminado una descarga individual
11:57:43.770 [JavaFX Application Thread] TRACE com.svalero.gestordescargas.controlador.DescargaControlador - Se eliminan todas las descargas
11:57:43.777 [JavaFX Application Thread] TRACE com.svalero.gestordescargas.controlador.DescargaControlador - Se eliminan todas las descargas
11:57:43.778 [JavaFX Application Thread] TRACE com.svalero.gestordescargas.controlador.AppControlador - Reseteo del contador de descargas a 0
11:58:19.305 [JavaFX Application Thread] TRACE com.svalero.gestordescargas.controlador.AppControlador - Ruta de descarga seleccionada
11:58:23.043 [JavaFX Application Thread] TRACE com.svalero.gestordescargas.controlador.AppControlador - Se añade una descarga
11:58:23.043 [JavaFX Application Thread] TRACE com.svalero.gestordescargas.controlador.AppControlador - Se añade un controlador a la lista de controladores
11:58:24.145 [JavaFX Application Thread] TRACE com.svalero.gestordescargas.hilo.DescargaTask - Descarga creada
11:58:24.147 [Thread-6] TRACE com.svalero.gestordescargas.hilo.DescargaTask - Se ha iniciado la descarga de https://cdn.kernel.org/pub/linux/kernel/v5.x/linux-5.10.1.tar.xz
11:58:25.192 [JavaFX Application Thread] TRACE com.svalero.gestordescargas.controlador.DescargaControlador - Se ha cancelado una descarga de forma individual
11:58:25.193 [Thread-6] TRACE com.svalero.gestordescargas.hilo.DescargaTask - Descargahttps://cdn.kernel.org/pub/linux/kernel/v5.x/linux-5.10.1.tar.xz cancelada/parada
11:58:26.897 [JavaFX Application Thread] TRACE com.svalero.gestordescargas.controlador.DescargaControlador - Se ha eliminado una descarga individual
11:58:30.137 [JavaFX Application Thread] TRACE com.svalero.gestordescargas.controlador.AppControlador - Ruta de descarga seleccionada
11:58:34.297 [JavaFX Application Thread] TRACE com.svalero.gestordescargas.controlador.AppControlador - Se añade una descarga
11:58:34.298 [JavaFX Application Thread] TRACE com.svalero.gestordescargas.controlador.AppControlador - Se añade un controlador a la lista de controladores
11:58:35.098 [JavaFX Application Thread] TRACE com.svalero.gestordescargas.controlador.DescargaControlador - Se eliminan todas las descargas
11:58:35.098 [JavaFX Application Thread] TRACE com.svalero.gestordescargas.controlador.DescargaControlador - Se eliminan todas las descargas
11:58:35.099 [JavaFX Application Thread] TRACE com.svalero.gestordescargas.controlador.AppControlador - Reseteo del contador de descargas a 0
11:58:37.874 [JavaFX Application Thread] TRACE com.svalero.gestordescargas.controlador.AppControlador - Se visualiza el historial de la aplicación
12:01:20.208 [JavaFX Application Thread] TRACE com.svalero.gestordescargas.controlador.SplashScreenControlador - Se inicia la aplicación desde el Splash Screen
12:01:29.753 [JavaFX Application Thread] TRACE com.svalero.gestordescargas.controlador.AppControlador - Ruta de descarga seleccionada
12:01:37.914 [JavaFX Application Thread] TRACE com.svalero.gestordescargas.controlador.AppControlador - Ruta de descarga seleccionada
12:02:59.223 [JavaFX Application Thread] TRACE com.svalero.gestordescargas.controlador.SplashScreenControlador - Se inicia la aplicación desde el Splash Screen
12:03:08.737 [JavaFX Application Thread] TRACE com.svalero.gestordescargas.controlador.AppControlador - Ruta de descarga seleccionada
12:04:08.152 [JavaFX Application Thread] TRACE com.svalero.gestordescargas.controlador.SplashScreenControlador - Se inicia la aplicación desde el Splash Screen
12:04:29.539 [JavaFX Application Thread] TRACE com.svalero.gestordescargas.controlador.AppControlador - Ruta de descarga seleccionada: C:\Users\alber\Desktop\a.zip
12:04:34.690 [JavaFX Application Thread] TRACE com.svalero.gestordescargas.controlador.AppControlador - Se añade una descarga
12:04:34.690 [JavaFX Application Thread] TRACE com.svalero.gestordescargas.controlador.AppControlador - Se añade un controlador a la lista de controladores
12:04:40.547 [JavaFX Application Thread] TRACE com.svalero.gestordescargas.hilo.DescargaTask - Descarga creada
12:04:40.553 [Thread-4] TRACE com.svalero.gestordescargas.hilo.DescargaTask - Se ha iniciado la descarga de https://cdn.kernel.org/pub/linux/kernel/v5.x/linux-5.10.1.tar.xz
12:04:43.321 [JavaFX Application Thread] TRACE com.svalero.gestordescargas.controlador.DescargaControlador - Se ha parado una descarga individual
12:04:43.321 [JavaFX Application Thread] TRACE com.svalero.gestordescargas.hilo.DescargaTask - Se duerme el hilo hasta que se reanude la descarga
12:04:48.377 [JavaFX Application Thread] TRACE com.svalero.gestordescargas.hilo.DescargaTask - Se duerme el hilo hasta que se reanude la descarga
12:04:50.842 [JavaFX Application Thread] TRACE com.svalero.gestordescargas.controlador.DescargaControlador - Se ha parado una descarga individual
12:04:50.843 [JavaFX Application Thread] TRACE com.svalero.gestordescargas.hilo.DescargaTask - Se duerme el hilo hasta que se reanude la descarga
12:04:55.577 [JavaFX Application Thread] TRACE com.svalero.gestordescargas.hilo.DescargaTask - Se duerme el hilo hasta que se reanude la descarga
12:04:56.905 [JavaFX Application Thread] TRACE com.svalero.gestordescargas.controlador.DescargaControlador - Se ha parado una descarga individual
12:04:56.905 [JavaFX Application Thread] TRACE com.svalero.gestordescargas.hilo.DescargaTask - Se duerme el hilo hasta que se reanude la descarga
12:05:58.073 [JavaFX Application Thread] TRACE com.svalero.gestordescargas.controlador.DescargaControlador - Se ha cancelado una descarga de forma individual
12:06:01.297 [JavaFX Application Thread] TRACE com.svalero.gestordescargas.controlador.DescargaControlador - Se ha eliminado una descarga individual
12:07:07.281 [JavaFX Application Thread] TRACE com.svalero.gestordescargas.controlador.DescargaControlador - Se eliminan todas las descargas
12:07:07.282 [JavaFX Application Thread] TRACE com.svalero.gestordescargas.controlador.AppControlador - Reseteo del contador de descargas a 0
12:07:14.739 [JavaFX Application Thread] TRACE com.svalero.gestordescargas.controlador.AppControlador - Se intentan parar todas las descargas, pero no hay ninguna
12:10:41.537 [JavaFX Application Thread] TRACE com.svalero.gestordescargas.controlador.AppControlador - Ruta de descarga seleccionada: C:\Users\alber\Desktop\a.zip
12:10:42.283 [JavaFX Application Thread] TRACE com.svalero.gestordescargas.controlador.AppControlador - Se añade una descarga
12:10:42.283 [JavaFX Application Thread] TRACE com.svalero.gestordescargas.controlador.AppControlador - Se añade un controlador a la lista de controladores
12:10:43.696 [JavaFX Application Thread] TRACE com.svalero.gestordescargas.hilo.DescargaTask - Descarga creada
12:10:43.698 [Thread-5] TRACE com.svalero.gestordescargas.hilo.DescargaTask - Se ha iniciado la descarga de https://cdn.kernel.org/pub/linux/kernel/v5.x/linux-5.10.1.tar.xz
12:10:44.836 [JavaFX Application Thread] TRACE com.svalero.gestordescargas.controlador.DescargaControlador - Se paran todas las descargas
12:10:44.836 [JavaFX Application Thread] TRACE com.svalero.gestordescargas.hilo.DescargaTask - Se duerme el hilo hasta que se reanude la descarga
12:10:44.837 [JavaFX Application Thread] TRACE com.svalero.gestordescargas.controlador.AppControlador - Reseteo del contador de descargas a 0
12:10:47.144 [JavaFX Application Thread] TRACE com.svalero.gestordescargas.hilo.DescargaTask - Se duerme el hilo hasta que se reanude la descarga
12:10:48.465 [JavaFX Application Thread] TRACE com.svalero.gestordescargas.controlador.DescargaControlador - Se ha parado una descarga individual
12:10:48.466 [JavaFX Application Thread] TRACE com.svalero.gestordescargas.hilo.DescargaTask - Se duerme el hilo hasta que se reanude la descarga
12:10:55.274 [JavaFX Application Thread] TRACE com.svalero.gestordescargas.controlador.AppControlador - Se visualiza el historial de la aplicación
12:11:18.806 [JavaFX Application Thread] TRACE com.svalero.gestordescargas.controlador.SplashScreenControlador - Se inicia la aplicación desde el Splash Screen
12:11:38.906 [JavaFX Application Thread] TRACE com.svalero.gestordescargas.controlador.AppControlador - Ruta de descarga seleccionada: C:\Users\alber\Desktop\a.zip
12:11:42.650 [JavaFX Application Thread] TRACE com.svalero.gestordescargas.controlador.AppControlador - Se añade una descarga
12:11:42.650 [JavaFX Application Thread] TRACE com.svalero.gestordescargas.controlador.AppControlador - Se añade un controlador a la lista de controladores
12:13:36.503 [JavaFX Application Thread] TRACE com.svalero.gestordescargas.controlador.SplashScreenControlador - Se inicia la aplicación desde el Splash Screen
12:13:49.249 [JavaFX Application Thread] TRACE com.svalero.gestordescargas.controlador.AppControlador - Ruta de descarga seleccionada: C:\Users\alber\Desktop\a.zip
12:13:51.490 [JavaFX Application Thread] TRACE com.svalero.gestordescargas.controlador.AppControlador - Se añade una descarga
12:13:51.490 [JavaFX Application Thread] TRACE com.svalero.gestordescargas.controlador.AppControlador - Se añade un controlador a la lista de controladores
12:13:58.347 [JavaFX Application Thread] TRACE com.svalero.gestordescargas.controlador.AppControlador - Se cancela la ventana de selección de ruta de descarga
12:14:05.869 [JavaFX Application Thread] TRACE com.svalero.gestordescargas.controlador.AppControlador - Ruta de descarga seleccionada: C:\Users\alber\Desktop\b.zip
12:14:09.002 [JavaFX Application Thread] TRACE com.svalero.gestordescargas.controlador.AppControlador - Se añade una descarga
12:14:09.003 [JavaFX Application Thread] TRACE com.svalero.gestordescargas.controlador.AppControlador - Se añade un controlador a la lista de controladores
12:14:11.995 [JavaFX Application Thread] TRACE com.svalero.gestordescargas.hilo.DescargaTask - Descarga creada
12:14:12.000 [Thread-4] TRACE com.svalero.gestordescargas.hilo.DescargaTask - Se ha iniciado la descarga de https://cdn.kernel.org/pub/linux/kernel/v5.x/linux-5.10.1.tar.xz
12:14:15.890 [JavaFX Application Thread] TRACE com.svalero.gestordescargas.controlador.DescargaControlador - Se ha parado una descarga individual
12:14:15.890 [JavaFX Application Thread] TRACE com.svalero.gestordescargas.hilo.DescargaTask - Se duerme el hilo hasta que se reanude la descarga
12:14:20.056 [JavaFX Application Thread] TRACE com.svalero.gestordescargas.controlador.DescargaControlador - Se paran todas las descargas
12:14:20.057 [JavaFX Application Thread] TRACE com.svalero.gestordescargas.hilo.DescargaTask - Se duerme el hilo hasta que se reanude la descarga
12:14:20.057 [JavaFX Application Thread] TRACE com.svalero.gestordescargas.controlador.DescargaControlador - Se paran todas las descargas
12:14:20.057 [JavaFX Application Thread] TRACE com.svalero.gestordescargas.controlador.AppControlador - Reseteo del contador de descargas a 0
12:14:30.277 [JavaFX Application Thread] TRACE com.svalero.gestordescargas.controlador.AppControlador - Se cancela la eliminación de la descarga: C:\Users\alber\Desktop\b.zip
12:14:34.908 [JavaFX Application Thread] TRACE com.svalero.gestordescargas.controlador.DescargaControlador - Se eliminan todas las descargas
12:14:34.921 [JavaFX Application Thread] TRACE com.svalero.gestordescargas.controlador.DescargaControlador - Se eliminan todas las descargas
12:14:34.922 [JavaFX Application Thread] TRACE com.svalero.gestordescargas.controlador.AppControlador - Reseteo del contador de descargas a 0
12:17:08.446 [JavaFX Application Thread] TRACE com.svalero.gestordescargas.controlador.SplashScreenControlador - Se inicia la aplicación desde el Splash Screen
12:17:27.064 [JavaFX Application Thread] TRACE com.svalero.gestordescargas.controlador.AppControlador - Ruta de descarga seleccionada: C:\Users\alber\Desktop\a.zip
12:17:28.162 [JavaFX Application Thread] TRACE com.svalero.gestordescargas.controlador.AppControlador - Se añade una descarga
12:17:28.162 [JavaFX Application Thread] TRACE com.svalero.gestordescargas.controlador.AppControlador - Se añade un controlador a la lista de controladores
12:17:29.979 [JavaFX Application Thread] TRACE com.svalero.gestordescargas.hilo.DescargaTask - Descarga creada
12:17:29.984 [Thread-4] TRACE com.svalero.gestordescargas.hilo.DescargaTask - Se ha iniciado la descarga de https://cdn.kernel.org/pub/linux/kernel/v5.x/linux-5.10.1.tar.xz
12:17:32.453 [JavaFX Application Thread] TRACE com.svalero.gestordescargas.controlador.DescargaControlador - Se ha parado una descarga individual
12:17:32.454 [JavaFX Application Thread] TRACE com.svalero.gestordescargas.hilo.DescargaTask - Se duerme el hilo hasta que se reanude la descarga
12:17:35.719 [JavaFX Application Thread] TRACE com.svalero.gestordescargas.controlador.DescargaControlador - Se eliminan todas las descargas
12:17:35.720 [JavaFX Application Thread] TRACE com.svalero.gestordescargas.controlador.AppControlador - Reseteo del contador de descargas a 0
12:17:49.019 [JavaFX Application Thread] TRACE com.svalero.gestordescargas.controlador.AppControlador - Se intentan parar todas las descargas, pero no hay ninguna
12:17:53.914 [JavaFX Application Thread] TRACE com.svalero.gestordescargas.controlador.AppControlador - Se intentan eliminar todas las descargas, pero la lista de descargas está vacía
12:27:10.149 [JavaFX Application Thread] TRACE com.svalero.gestordescargas.controlador.SplashScreenControlador - Se inicia la aplicación desde el Splash Screen
12:27:40.104 [JavaFX Application Thread] TRACE com.svalero.gestordescargas.controlador.AppControlador - Ruta de descarga seleccionada: C:\Users\alber\Desktop\a.zip
12:27:42.903 [JavaFX Application Thread] TRACE com.svalero.gestordescargas.controlador.AppControlador - Se añade una descarga
12:27:42.903 [JavaFX Application Thread] TRACE com.svalero.gestordescargas.controlador.AppControlador - Se añade un controlador a la lista de controladores
12:31:33.541 [JavaFX Application Thread] TRACE com.svalero.gestordescargas.controlador.SplashScreenControlador - Se inicia la aplicación desde el Splash Screen
12:31:50.148 [JavaFX Application Thread] TRACE com.svalero.gestordescargas.controlador.AppControlador - Ruta de descarga seleccionada: C:\Users\alber\Desktop\a.zip
12:31:51.601 [JavaFX Application Thread] TRACE com.svalero.gestordescargas.controlador.AppControlador - Se añade una descarga
12:31:51.601 [JavaFX Application Thread] TRACE com.svalero.gestordescargas.controlador.AppControlador - Se añade un controlador a la lista de controladores
12:31:54.089 [JavaFX Application Thread] TRACE com.svalero.gestordescargas.hilo.DescargaTask - Descarga creada
12:31:54.094 [Thread-4] TRACE com.svalero.gestordescargas.hilo.DescargaTask - Se ha iniciado la descarga de https://cdn.kernel.org/pub/linux/kernel/v5.x/linux-5.10.1.tar.xz
12:31:57.482 [JavaFX Application Thread] TRACE com.svalero.gestordescargas.controlador.DescargaControlador - Se ha cancelado una descarga de forma individual
12:31:57.485 [Thread-4] TRACE com.svalero.gestordescargas.hilo.DescargaTask - Descargahttps://cdn.kernel.org/pub/linux/kernel/v5.x/linux-5.10.1.tar.xz cancelada/parada
12:32:55.613 [JavaFX Application Thread] TRACE com.svalero.gestordescargas.controlador.SplashScreenControlador - Se inicia la aplicación desde el Splash Screen
12:33:15.547 [JavaFX Application Thread] TRACE com.svalero.gestordescargas.controlador.AppControlador - Ruta de descarga seleccionada: C:\Users\alber\Desktop\a.zip
12:33:16.105 [JavaFX Application Thread] TRACE com.svalero.gestordescargas.controlador.AppControlador - Se añade una descarga
12:33:16.106 [JavaFX Application Thread] TRACE com.svalero.gestordescargas.controlador.AppControlador - Se añade un controlador a la lista de controladores
12:33:18.329 [JavaFX Application Thread] TRACE com.svalero.gestordescargas.hilo.DescargaTask - Descarga creada
12:33:18.334 [Thread-4] TRACE com.svalero.gestordescargas.hilo.DescargaTask - Se ha iniciado la descarga de https://cdn.kernel.org/pub/linux/kernel/v5.x/linux-5.10.1.tar.xz
12:33:20.882 [JavaFX Application Thread] TRACE com.svalero.gestordescargas.controlador.DescargaControlador - Se ha parado una descarga individual
12:33:20.882 [JavaFX Application Thread] TRACE com.svalero.gestordescargas.hilo.DescargaTask - Se duerme el hilo hasta que se reanude la descarga
12:33:23.391 [JavaFX Application Thread] TRACE com.svalero.gestordescargas.hilo.DescargaTask - Se reanuda el hilo de descarga
12:33:26.235 [Thread-4] TRACE com.svalero.gestordescargas.hilo.DescargaTask - Descargahttps://cdn.kernel.org/pub/linux/kernel/v5.x/linux-5.10.1.tar.xz cancelada/parada
12:33:26.238 [JavaFX Application Thread] TRACE com.svalero.gestordescargas.controlador.DescargaControlador - Se ha eliminado la descarga: https://cdn.kernel.org/pub/linux/kernel/v5.x/linux-5.10.1.tar.xz
12:33:33.426 [JavaFX Application Thread] TRACE com.svalero.gestordescargas.controlador.AppControlador - Se cancela la eliminación de la descarga: C:\Users\alber\Desktop\a.zip
12:33:45.546 [JavaFX Application Thread] TRACE com.svalero.gestordescargas.controlador.AppControlador - Ruta de descarga seleccionada: C:\Users\alber\Desktop\a.zip
12:33:46.650 [JavaFX Application Thread] TRACE com.svalero.gestordescargas.controlador.AppControlador - Se añade una descarga
12:33:46.651 [JavaFX Application Thread] TRACE com.svalero.gestordescargas.controlador.AppControlador - Se añade un controlador a la lista de controladores
12:33:49.355 [JavaFX Application Thread] TRACE com.svalero.gestordescargas.controlador.AppControlador - Reseteo del contador de descargas a 0
12:33:55.671 [JavaFX Application Thread] TRACE com.svalero.gestordescargas.controlador.AppControlador - Ruta de descarga seleccionada: C:\Users\alber\Desktop\a.zip
12:33:56.849 [JavaFX Application Thread] TRACE com.svalero.gestordescargas.controlador.AppControlador - Se añade una descarga
12:33:56.849 [JavaFX Application Thread] TRACE com.svalero.gestordescargas.controlador.AppControlador - Se añade un controlador a la lista de controladores
12:33:59.079 [JavaFX Application Thread] TRACE com.svalero.gestordescargas.hilo.DescargaTask - Descarga creada
12:33:59.080 [Thread-5] TRACE com.svalero.gestordescargas.hilo.DescargaTask - Se ha iniciado la descarga de https://cdn.kernel.org/pub/linux/kernel/v5.x/linux-5.10.1.tar.xz
12:34:00.606 [JavaFX Application Thread] TRACE com.svalero.gestordescargas.controlador.DescargaControlador - Se ha parado una descarga individual
12:34:00.607 [JavaFX Application Thread] TRACE com.svalero.gestordescargas.hilo.DescargaTask - Se duerme el hilo hasta que se reanude la descarga
12:34:02.391 [JavaFX Application Thread] TRACE com.svalero.gestordescargas.hilo.DescargaTask - Se reanuda el hilo de descarga
12:34:04.371 [Thread-5] TRACE com.svalero.gestordescargas.hilo.DescargaTask - Descargahttps://cdn.kernel.org/pub/linux/kernel/v5.x/linux-5.10.1.tar.xz cancelada/parada
12:34:04.371 [JavaFX Application Thread] TRACE com.svalero.gestordescargas.controlador.DescargaControlador - Se ha eliminado la descarga: https://cdn.kernel.org/pub/linux/kernel/v5.x/linux-5.10.1.tar.xz
12:34:14.239 [JavaFX Application Thread] TRACE com.svalero.gestordescargas.controlador.AppControlador - Ruta de descarga seleccionada: C:\Users\alber\Desktop\a.zip
12:34:14.864 [JavaFX Application Thread] TRACE com.svalero.gestordescargas.controlador.AppControlador - Se añade una descarga
12:34:14.864 [JavaFX Application Thread] TRACE com.svalero.gestordescargas.controlador.AppControlador - Se añade un controlador a la lista de controladores
12:34:15.734 [JavaFX Application Thread] TRACE com.svalero.gestordescargas.hilo.DescargaTask - Descarga creada
12:34:15.735 [Thread-6] TRACE com.svalero.gestordescargas.hilo.DescargaTask - Se ha iniciado la descarga de https://cdn.kernel.org/pub/linux/kernel/v5.x/linux-5.10.1.tar.xz
12:34:17.187 [JavaFX Application Thread] TRACE com.svalero.gestordescargas.controlador.DescargaControlador - Se ha parado una descarga individual
12:34:17.188 [JavaFX Application Thread] TRACE com.svalero.gestordescargas.hilo.DescargaTask - Se duerme el hilo hasta que se reanude la descarga
12:34:19.236 [JavaFX Application Thread] TRACE com.svalero.gestordescargas.controlador.DescargaControlador - Se ha eliminado la descarga: https://cdn.kernel.org/pub/linux/kernel/v5.x/linux-5.10.1.tar.xz
12:35:23.564 [JavaFX Application Thread] TRACE com.svalero.gestordescargas.controlador.SplashScreenControlador - Se inicia la aplicación desde el Splash Screen
12:35:38.171 [JavaFX Application Thread] TRACE com.svalero.gestordescargas.controlador.AppControlador - Ruta de descarga seleccionada: C:\Users\alber\Desktop\a.zip
12:35:38.809 [JavaFX Application Thread] TRACE com.svalero.gestordescargas.controlador.AppControlador - Se añade una descarga
12:35:38.809 [JavaFX Application Thread] TRACE com.svalero.gestordescargas.controlador.AppControlador - Se añade un controlador a la lista de controladores
12:35:40.145 [JavaFX Application Thread] TRACE com.svalero.gestordescargas.hilo.DescargaTask - Descarga creada
12:35:40.150 [Thread-4] TRACE com.svalero.gestordescargas.hilo.DescargaTask - Se ha iniciado la descarga de https://cdn.kernel.org/pub/linux/kernel/v5.x/linux-5.10.1.tar.xz
12:35:42.741 [JavaFX Application Thread] TRACE com.svalero.gestordescargas.controlador.DescargaControlador - Se ha parado una descarga individual
12:35:42.742 [JavaFX Application Thread] TRACE com.svalero.gestordescargas.hilo.DescargaTask - Se duerme el hilo hasta que se reanude la descarga
12:36:40.037 [JavaFX Application Thread] TRACE com.svalero.gestordescargas.controlador.SplashScreenControlador - Se inicia la aplicación desde el Splash Screen
12:36:51.401 [JavaFX Application Thread] TRACE com.svalero.gestordescargas.controlador.AppControlador - Ruta de descarga seleccionada: C:\Users\alber\Desktop\a.zip
12:36:52.464 [JavaFX Application Thread] TRACE com.svalero.gestordescargas.controlador.AppControlador - Se añade una descarga
12:36:52.465 [JavaFX Application Thread] TRACE com.svalero.gestordescargas.controlador.AppControlador - Se añade un controlador a la lista de controladores
12:36:54.137 [JavaFX Application Thread] TRACE com.svalero.gestordescargas.hilo.DescargaTask - Descarga creada
12:36:54.143 [Thread-4] TRACE com.svalero.gestordescargas.hilo.DescargaTask - Se ha iniciado la descarga de https://cdn.kernel.org/pub/linux/kernel/v5.x/linux-5.10.1.tar.xz
12:36:56.463 [JavaFX Application Thread] TRACE com.svalero.gestordescargas.controlador.DescargaControlador - Se ha parado una descarga individual
12:36:56.464 [JavaFX Application Thread] TRACE com.svalero.gestordescargas.hilo.DescargaTask - Se duerme el hilo hasta que se reanude la descarga
12:36:59.078 [JavaFX Application Thread] TRACE com.svalero.gestordescargas.hilo.DescargaTask - Se reanuda el hilo de descarga
12:37:00.868 [JavaFX Application Thread] TRACE com.svalero.gestordescargas.controlador.DescargaControlador - Se ha parado una descarga individual
12:37:00.868 [JavaFX Application Thread] TRACE com.svalero.gestordescargas.hilo.DescargaTask - Se duerme el hilo hasta que se reanude la descarga
12:37:06.318 [JavaFX Application Thread] TRACE com.svalero.gestordescargas.controlador.DescargaControlador - Se ha cancelado una descarga de forma individual
12:37:15.525 [JavaFX Application Thread] TRACE com.svalero.gestordescargas.controlador.AppControlador - Ruta de descarga seleccionada: C:\Users\alber\Desktop\a.zip
12:37:16.251 [JavaFX Application Thread] TRACE com.svalero.gestordescargas.controlador.AppControlador - Se añade una descarga
12:37:16.251 [JavaFX Application Thread] TRACE com.svalero.gestordescargas.controlador.AppControlador - Se añade un controlador a la lista de controladores
12:37:20.510 [JavaFX Application Thread] TRACE com.svalero.gestordescargas.controlador.AppControlador - Ruta de descarga seleccionada: C:\Users\alber\Desktop\a.zip
12:37:22.329 [JavaFX Application Thread] TRACE com.svalero.gestordescargas.controlador.AppControlador - Se añade una descarga
12:37:22.329 [JavaFX Application Thread] TRACE com.svalero.gestordescargas.controlador.AppControlador - Se añade un controlador a la lista de controladores
12:37:36.758 [JavaFX Application Thread] TRACE com.svalero.gestordescargas.controlador.AppControlador - Ruta de descarga seleccionada: C:\Users\alber\Desktop\a.zip
12:37:37.616 [JavaFX Application Thread] TRACE com.svalero.gestordescargas.controlador.AppControlador - Se añade una descarga
12:37:37.617 [JavaFX Application Thread] TRACE com.svalero.gestordescargas.controlador.AppControlador - Se añade un controlador a la lista de controladores
12:37:43.766 [JavaFX Application Thread] TRACE com.svalero.gestordescargas.controlador.AppControlador - Ruta de descarga seleccionada: C:\Users\alber\Desktop\a.zip
12:37:44.288 [JavaFX Application Thread] TRACE com.svalero.gestordescargas.controlador.AppControlador - Se añade una descarga
12:37:44.288 [JavaFX Application Thread] TRACE com.svalero.gestordescargas.controlador.AppControlador - Se añade un controlador a la lista de controladores
12:37:49.618 [JavaFX Application Thread] TRACE com.svalero.gestordescargas.controlador.AppControlador - Ruta de descarga seleccionada: C:\Users\alber\Desktop\b.zip
12:37:50.175 [JavaFX Application Thread] TRACE com.svalero.gestordescargas.controlador.AppControlador - Se añade una descarga
12:37:50.176 [JavaFX Application Thread] TRACE com.svalero.gestordescargas.controlador.AppControlador - Se añade un controlador a la lista de controladores
12:37:55.527 [JavaFX Application Thread] TRACE com.svalero.gestordescargas.controlador.AppControlador - Ruta de descarga seleccionada: C:\Users\alber\Desktop\b.zip
12:37:56.883 [JavaFX Application Thread] TRACE com.svalero.gestordescargas.controlador.AppControlador - Se intenta descargar un archivo pero no se puede ya que hay 5 decargas pendientes
12:38:00.422 [JavaFX Application Thread] TRACE com.svalero.gestordescargas.hilo.DescargaTask - Descarga creada
12:38:00.424 [Thread-5] TRACE com.svalero.gestordescargas.hilo.DescargaTask - Se ha iniciado la descarga de https://cdn.kernel.org/pub/linux/kernel/v5.x/linux-5.10.1.tar.xz
12:38:01.777 [JavaFX Application Thread] TRACE com.svalero.gestordescargas.hilo.DescargaTask - Descarga creada
12:38:01.780 [Thread-6] TRACE com.svalero.gestordescargas.hilo.DescargaTask - Se ha iniciado la descarga de https://cdn.kernel.org/pub/linux/kernel/v5.x/linux-5.10.1.tar.xz
12:38:03.597 [JavaFX Application Thread] TRACE com.svalero.gestordescargas.hilo.DescargaTask - Descarga creada
12:38:03.600 [Thread-7] TRACE com.svalero.gestordescargas.hilo.DescargaTask - Se ha iniciado la descarga de https://cdn.kernel.org/pub/linux/kernel/v5.x/linux-5.10.1.tar.xz
12:38:04.664 [Thread-5] TRACE com.svalero.gestordescargas.hilo.DescargaTask - Descarga finalizada
12:38:06.650 [JavaFX Application Thread] TRACE com.svalero.gestordescargas.controlador.DescargaControlador - Se paran todas las descargas
12:38:06.651 [JavaFX Application Thread] TRACE com.svalero.gestordescargas.hilo.DescargaTask - Se duerme el hilo hasta que se reanude la descarga
12:38:06.652 [JavaFX Application Thread] TRACE com.svalero.gestordescargas.controlador.DescargaControlador - Se paran todas las descargas
12:38:06.652 [JavaFX Application Thread] TRACE com.svalero.gestordescargas.controlador.DescargaControlador - Se paran todas las descargas
12:38:06.652 [JavaFX Application Thread] TRACE com.svalero.gestordescargas.controlador.DescargaControlador - Se paran todas las descargas
12:38:06.652 [JavaFX Application Thread] TRACE com.svalero.gestordescargas.hilo.DescargaTask - Se duerme el hilo hasta que se reanude la descarga
12:38:06.653 [JavaFX Application Thread] TRACE com.svalero.gestordescargas.controlador.DescargaControlador - Se paran todas las descargas
12:38:06.653 [JavaFX Application Thread] TRACE com.svalero.gestordescargas.hilo.DescargaTask - Se duerme el hilo hasta que se reanude la descarga
12:38:06.653 [JavaFX Application Thread] TRACE com.svalero.gestordescargas.controlador.DescargaControlador - Se paran todas las descargas
12:38:06.653 [JavaFX Application Thread] TRACE com.svalero.gestordescargas.hilo.DescargaTask - Se duerme el hilo hasta que se reanude la descarga
12:38:06.654 [JavaFX Application Thread] TRACE com.svalero.gestordescargas.controlador.AppControlador - Reseteo del contador de descargas a 0
12:38:17.318 [JavaFX Application Thread] TRACE com.svalero.gestordescargas.hilo.DescargaTask - Se reanuda el hilo de descarga
12:38:21.869 [JavaFX Application Thread] TRACE com.svalero.gestordescargas.hilo.DescargaTask - Se reanuda el hilo de descarga
12:38:23.633 [JavaFX Application Thread] TRACE com.svalero.gestordescargas.hilo.DescargaTask - Se reanuda el hilo de descarga
12:38:24.030 [Thread-7] TRACE com.svalero.gestordescargas.hilo.DescargaTask - Descarga finalizada
12:38:26.006 [Thread-6] TRACE com.svalero.gestordescargas.hilo.DescargaTask - Descarga finalizada
12:38:35.904 [JavaFX Application Thread] TRACE com.svalero.gestordescargas.controlador.AppControlador - Reseteo del contador de descargas a 0
12:38:37.669 [JavaFX Application Thread] TRACE com.svalero.gestordescargas.controlador.AppControlador - Se añade una descarga
12:38:37.669 [JavaFX Application Thread] TRACE com.svalero.gestordescargas.controlador.AppControlador - Se añade un controlador a la lista de controladores
12:38:38.990 [JavaFX Application Thread] TRACE com.svalero.gestordescargas.hilo.DescargaTask - Descarga creada
12:38:38.991 [Thread-8] TRACE com.svalero.gestordescargas.hilo.DescargaTask - Se ha iniciado la descarga de https://cdn.kernel.org/pub/linux/kernel/v5.x/linux-5.10.1.tar.xz
12:38:41.474 [Thread-8] TRACE com.svalero.gestordescargas.hilo.DescargaTask - Descarga finalizada
12:39:52.209 [JavaFX Application Thread] TRACE com.svalero.gestordescargas.controlador.SplashScreenControlador - Se inicia la aplicación desde el Splash Screen
12:40:03.240 [JavaFX Application Thread] TRACE com.svalero.gestordescargas.controlador.AppControlador - Ruta de descarga seleccionada: C:\Users\alber\Desktop\a.zip
12:40:04.010 [JavaFX Application Thread] TRACE com.svalero.gestordescargas.controlador.AppControlador - Se añade una descarga
12:40:04.010 [JavaFX Application Thread] TRACE com.svalero.gestordescargas.controlador.AppControlador - Se añade un controlador a la lista de controladores
12:40:05.137 [JavaFX Application Thread] TRACE com.svalero.gestordescargas.hilo.DescargaTask - Descarga creada
12:40:05.143 [Thread-4] TRACE com.svalero.gestordescargas.hilo.DescargaTask - Se ha iniciado la descarga de https://cdn.kernel.org/pub/linux/kernel/v5.x/linux-5.10.1.tar.xz
12:40:12.640 [Thread-4] TRACE com.svalero.gestordescargas.hilo.DescargaTask - Descarga finalizada
12:40:17.522 [JavaFX Application Thread] TRACE com.svalero.gestordescargas.controlador.AppControlador - Reseteo del contador de descargas a 0
